This is pdfTeX, Version 3.14159265-2.6-1.40.20 (TeX Live 2019/Debian) (preloaded format=latex 2021.9.16)  21 SEP 2021 13:12
entering extended mode
 restricted \write18 enabled.
 %&-line parsing enabled.
**faldityngdefelt.tex
(./faldityngdefelt.tex
LaTeX2e <2020-02-02> patch level 2
L3 programming layer <2020-02-14>
(/usr/share/texlive/texmf-dist/tex/latex/base/article.cls
Document Class: article 2019/12/20 v1.4l Standard LaTeX document class
(/usr/share/texlive/texmf-dist/tex/latex/base/size12.clo
File: size12.clo 2019/12/20 v1.4l Standard LaTeX file (size option)
)
\c@part=\count167
\c@section=\count168
\c@subsection=\count169
\c@subsubsection=\count170
\c@paragraph=\count171
\c@subparagraph=\count172
\c@figure=\count173
\c@table=\count174
\abovecaptionskip=\skip47
\belowcaptionskip=\skip48
\bibindent=\dimen134
)
(/usr/share/texlive/texmf-dist/tex/latex/base/inputenc.sty
Package: inputenc 2018/08/11 v1.3c Input encoding file
\inpenc@prehook=\toks14
\inpenc@posthook=\toks15
)
(/usr/share/texlive/texmf-dist/tex/latex/graphics/graphicx.sty
Package: graphicx 2019/11/30 v1.2a Enhanced LaTeX Graphics (DPC,SPQR)

(/usr/share/texlive/texmf-dist/tex/latex/graphics/keyval.sty
Package: keyval 2014/10/28 v1.15 key=value parser (DPC)
\KV@toks@=\toks16
)
(/usr/share/texlive/texmf-dist/tex/latex/graphics/graphics.sty
Package: graphics 2019/11/30 v1.4a Standard LaTeX Graphics (DPC,SPQR)

(/usr/share/texlive/texmf-dist/tex/latex/graphics/trig.sty
Package: trig 2016/01/03 v1.10 sin cos tan (DPC)
)
(/usr/share/texlive/texmf-dist/tex/latex/graphics-cfg/graphics.cfg
File: graphics.cfg 2016/06/04 v1.11 sample graphics configuration
)
Package graphics Info: Driver file: dvips.def on input line 105.

(/usr/share/texlive/texmf-dist/tex/latex/graphics-def/dvips.def
File: dvips.def 2017/06/20 v3.1d Graphics/color driver for dvips
))
\Gin@req@height=\dimen135
\Gin@req@width=\dimen136
)

! LaTeX Error: File `pgfplots.sty' not found.

Type X to quit or <RETURN> to proceed,
or enter new name. (Default extension: sty)

Enter file name: 
(/usr/share/texlive/texmf-dist/tex/latex/amsmath/amsmath.sty
Package: amsmath 2020/01/20 v2.17e AMS math features
\@mathmargin=\skip49

For additional information on amsmath, use the `?' option.
(/usr/share/texlive/texmf-dist/tex/latex/amsmath/amstext.sty
Package: amstext 2000/06/29 v2.01 AMS text

(/usr/share/texlive/texmf-dist/tex/latex/amsmath/amsgen.sty
File: amsgen.sty 1999/11/30 v2.0 generic functions
\@emptytoks=\toks17
\ex@=\dimen137
))
(/usr/share/texlive/texmf-dist/tex/latex/amsmath/amsbsy.sty
Package: amsbsy 1999/11/29 v1.2d Bold Symbols
\pmbraise@=\dimen138
)
(/usr/share/texlive/texmf-dist/tex/latex/amsmath/amsopn.sty
Package: amsopn 2016/03/08 v2.02 operator names
)
\inf@bad=\count175
LaTeX Info: Redefining \frac on input line 227.
\uproot@=\count176
\leftroot@=\count177
LaTeX Info: Redefining \overline on input line 389.
\classnum@=\count178
\DOTSCASE@=\count179
LaTeX Info: Redefining \ldots on input line 486.
LaTeX Info: Redefining \dots on input line 489.
LaTeX Info: Redefining \cdots on input line 610.
\Mathstrutbox@=\box45
\strutbox@=\box46
\big@size=\dimen139
LaTeX Font Info:    Redeclaring font encoding OML on input line 733.
LaTeX Font Info:    Redeclaring font encoding OMS on input line 734.
\macc@depth=\count180
\c@MaxMatrixCols=\count181
\dotsspace@=\muskip16
\c@parentequation=\count182
\dspbrk@lvl=\count183
\tag@help=\toks18
\row@=\count184
\column@=\count185
\maxfields@=\count186
\andhelp@=\toks19
\eqnshift@=\dimen140
\alignsep@=\dimen141
\tagshift@=\dimen142
\tagwidth@=\dimen143
\totwidth@=\dimen144
\lineht@=\dimen145
\@envbody=\toks20
\multlinegap=\skip50
\multlinetaggap=\skip51
\mathdisplay@stack=\toks21
LaTeX Info: Redefining \[ on input line 2859.
LaTeX Info: Redefining \] on input line 2860.
)
(/usr/share/texlive/texmf-dist/tex/latex/amsfonts/amssymb.sty
Package: amssymb 2013/01/14 v3.01 AMS font symbols

(/usr/share/texlive/texmf-dist/tex/latex/amsfonts/amsfonts.sty
Package: amsfonts 2013/01/14 v3.01 Basic AMSFonts support
\symAMSa=\mathgroup4
\symAMSb=\mathgroup5
LaTeX Font Info:    Redeclaring math symbol \hbar on input line 98.
LaTeX Font Info:    Overwriting math alphabet `\mathfrak' in version `bold'
(Font)                  U/euf/m/n --> U/euf/b/n on input line 106.
))
(/usr/share/texlive/texmf-dist/tex/latex/base/fontenc.sty
Package: fontenc 2020/02/11 v2.0o Standard LaTeX package
)
(/usr/share/texlive/texmf-dist/tex/latex/base/textcomp.sty
Package: textcomp 2020/02/02 v2.0n Standard LaTeX package
)

! LaTeX Error: File `biblatex.sty' not found.

Type X to quit or <RETURN> to proceed,
or enter new name. (Default extension: sty)

Enter file name: 

! LaTeX Error: Unknown option `backend=biber' for package `biblatex'.

See the LaTeX manual or LaTeX Companion for explanation.
Type  H <return>  for immediate help.
 ...                                              
                                                  
l.22 \addbibresource
                    {sources.bib}
? 

! LaTeX Error: Unknown option `style=alphabetic' for package `biblatex'.

See the LaTeX manual or LaTeX Companion for explanation.
Type  H <return>  for immediate help.
 ...                                              
                                                  
l.22 \addbibresource
                    {sources.bib}
? 

! LaTeX Error: Unknown option `sorting=ynt' for package `biblatex'.

See the LaTeX manual or LaTeX Companion for explanation.
Type  H <return>  for immediate help.
 ...                                              
                                                  
l.22 \addbibresource
                    {sources.bib}
? 
! Undefined control sequence.
<recently read> \addbibresource 
                                
l.22 \addbibresource
                    {sources.bib}
? 

! LaTeX Error: Missing \begin{document}.

See the LaTeX manual or LaTeX Companion for explanation.
Type  H <return>  for immediate help.
 ...                                              
                                                  
l.22 \addbibresource{s
                      ources.bib}
? 

! LaTeX Error: File `siunitx.sty' not found.

Type X to quit or <RETURN> to proceed,
or enter new name. (Default extension: sty)

Enter file name: 

! LaTeX Error: File `fullpage.sty' not found.

Type X to quit or <RETURN> to proceed,
or enter new name. (Default extension: sty)

Enter file name: 

! LaTeX Error: Unknown option `cm' for package `fullpage'.

See the LaTeX manual or LaTeX Companion for explanation.
Type  H <return>  for immediate help.
 ...                                              
                                                  
l.26 \usepackage
                {listings}
? 
(/usr/share/texlive/texmf-dist/tex/latex/listings/listings.sty
\lst@mode=\count187
\lst@gtempboxa=\box47
\lst@token=\toks22
\lst@length=\count188
\lst@currlwidth=\dimen146
\lst@column=\count189
\lst@pos=\count190
\lst@lostspace=\dimen147
\lst@width=\dimen148
\lst@newlines=\count191
\lst@lineno=\count192
\lst@maxwidth=\dimen149

(/usr/share/texlive/texmf-dist/tex/latex/listings/lstmisc.sty
File: lstmisc.sty 2019/09/10 1.8c (Carsten Heinz)
\c@lstnumber=\count193
\lst@skipnumbers=\count194
\lst@framebox=\box48
)
(/usr/share/texlive/texmf-dist/tex/latex/listings/listings.cfg
File: listings.cfg 2019/09/10 1.8c listings configuration
))
Package: listings 2019/09/10 1.8c (Carsten Heinz)

! Undefined control sequence.
l.28 \pgfplotsset
                 {compat=1.16}
? 

! LaTeX Error: Missing \begin{document}.

See the LaTeX manual or LaTeX Companion for explanation.
Type  H <return>  for immediate help.
 ...                                              
                                                  
l.28 \pgfplotsset{c
                   ompat=1.16}
? 
! Undefined control sequence.
l.29 \usetikzlibrary
                    {external}
? 
! Undefined control sequence.
l.30 \tikzexternalize
                     [prefix=tikz/]
? 
(/usr/share/texlive/texmf-dist/tex/latex/hyperref/hyperref.sty
Package: hyperref 2020/01/14 v7.00d Hypertext links for LaTeX

(/usr/share/texlive/texmf-dist/tex/generic/ltxcmds/ltxcmds.sty
Package: ltxcmds 2019/12/15 v1.24 LaTeX kernel commands for general use (HO)
)
(/usr/share/texlive/texmf-dist/tex/generic/iftex/iftex.sty
Package: iftex 2019/11/07 v1.0c TeX engine tests
)
(/usr/share/texlive/texmf-dist/tex/latex/pdftexcmds/pdftexcmds.sty
Package: pdftexcmds 2019/11/24 v0.31 Utility functions of pdfTeX for LuaTeX (HO
)

(/usr/share/texlive/texmf-dist/tex/generic/infwarerr/infwarerr.sty
Package: infwarerr 2019/12/03 v1.5 Providing info/warning/error messages (HO)
)
Package pdftexcmds Info: \pdf@primitive is available.
Package pdftexcmds Info: \pdf@ifprimitive is available.
Package pdftexcmds Info: \pdfdraftmode is ignored in DVI mode.
)
(/usr/share/texlive/texmf-dist/tex/generic/kvsetkeys/kvsetkeys.sty
Package: kvsetkeys 2019/12/15 v1.18 Key value parser (HO)
)
(/usr/share/texlive/texmf-dist/tex/generic/kvdefinekeys/kvdefinekeys.sty
Package: kvdefinekeys 2019-12-19 v1.6 Define keys (HO)
)
(/usr/share/texlive/texmf-dist/tex/generic/pdfescape/pdfescape.sty
Package: pdfescape 2019/12/09 v1.15 Implements pdfTeX's escape features (HO)
)
(/usr/share/texlive/texmf-dist/tex/latex/hycolor/hycolor.sty
Package: hycolor 2020-01-27 v1.10 Color options for hyperref/bookmark (HO)
)

! LaTeX Error: File `letltxmacro.sty' not found.

Type X to quit or <RETURN> to proceed,
or enter new name. (Default extension: sty)

Enter file name: 

LaTeX Warning: You have requested, on input line 132, version
               `2008/06/13' of package letltxmacro,
               but only version
               `'
               is available.

(/usr/share/texlive/texmf-dist/tex/latex/auxhook/auxhook.sty
Package: auxhook 2019-12-17 v1.6 Hooks for auxiliary files (HO)
)
(/usr/share/texlive/texmf-dist/tex/latex/kvoptions/kvoptions.sty
Package: kvoptions 2019/11/29 v3.13 Key value format for package options (HO)
)
\@linkdim=\dimen150
\Hy@linkcounter=\count195
\Hy@pagecounter=\count196

(/usr/share/texlive/texmf-dist/tex/latex/hyperref/pd1enc.def
File: pd1enc.def 2020/01/14 v7.00d Hyperref: PDFDocEncoding definition (HO)
Now handling font encoding PD1 ...
... no UTF-8 mapping file for font encoding PD1
)
(/usr/share/texlive/texmf-dist/tex/generic/intcalc/intcalc.sty
Package: intcalc 2019/12/15 v1.3 Expandable calculations with integers (HO)
)
(/usr/share/texlive/texmf-dist/tex/generic/etexcmds/etexcmds.sty
Package: etexcmds 2019/12/15 v1.7 Avoid name clashes with e-TeX commands (HO)
)
\Hy@SavedSpaceFactor=\count197
\pdfmajorversion=\count198
Package hyperref Info: Hyper figures OFF on input line 4547.
Package hyperref Info: Link nesting OFF on input line 4552.
Package hyperref Info: Hyper index ON on input line 4555.
Package hyperref Info: Plain pages OFF on input line 4562.
Package hyperref Info: Backreferencing OFF on input line 4567.
Package hyperref Info: Implicit mode ON; LaTeX internals redefined.
Package hyperref Info: Bookmarks ON on input line 4800.
\c@Hy@tempcnt=\count199

(/usr/share/texlive/texmf-dist/tex/latex/url/url.sty
\Urlmuskip=\muskip17
Package: url 2013/09/16  ver 3.4  Verb mode for urls, etc.
)
LaTeX Info: Redefining \url on input line 5159.
\XeTeXLinkMargin=\dimen151

(/usr/share/texlive/texmf-dist/tex/generic/bitset/bitset.sty
Package: bitset 2019/12/09 v1.3 Handle bit-vector datatype (HO)

(/usr/share/texlive/texmf-dist/tex/generic/bigintcalc/bigintcalc.sty
Package: bigintcalc 2019/12/15 v1.5 Expandable calculations on big integers (HO
)
))
\Fld@menulength=\count266
\Field@Width=\dimen152
\Fld@charsize=\dimen153
Package hyperref Info: Hyper figures OFF on input line 6430.
Package hyperref Info: Link nesting OFF on input line 6435.
Package hyperref Info: Hyper index ON on input line 6438.
Package hyperref Info: backreferencing OFF on input line 6445.
Package hyperref Info: Link coloring OFF on input line 6450.
Package hyperref Info: Link coloring with OCG OFF on input line 6455.
Package hyperref Info: PDF/A mode OFF on input line 6460.

! Undefined control sequence.
l.6499 \LetLtxMacro
                   \NoHy@OrgRef\ref
? 
! Undefined control sequence.
l.6499 \LetLtxMacro\NoHy@OrgRef
                               \ref
? 
! Missing \endcsname inserted.
<to be read again> 
                   \let 
l.6500 \DeclareRobustCommand
                            *{\ref}{%
? 

! LaTeX Error: Missing \begin{document}.

See the LaTeX manual or LaTeX Companion for explanation.
Type  H <return>  for immediate help.
 ...                                              
                                                  
l.6500 \DeclareRobustCommand
                            *{\ref}{%
? 

LaTeX Warning: Reference `\reserved@d ' on page 1 undefined on input line 6500.


LaTeX Info: Redefining \endcsname on input line 6500.
! Missing \endcsname inserted.
<to be read again> 
                   \protect 
l.6500 \DeclareRobustCommand
                            *{\ref}{%
? 
! Missing \endcsname inserted.
<to be read again> 
                   \protect 
l.6500 \DeclareRobustCommand*{\ref}
                                   {%
? 
LaTeX Info: Redefining \ref on input line 6500.
! Missing \endcsname inserted.
<to be read again> 
                   \protect 
l.6500 \DeclareRobustCommand*{\ref}
                                   {%
? 
! Missing \endcsname inserted.
<to be read again> 
                   \protect 
l.6500 \DeclareRobustCommand*{\ref}
                                   {%
? 
! Undefined control sequence.
\reserved@b ->\NoHy@OrgRef 
                           
l.6502 }
        
? 
! Undefined control sequence.
l.6503 \LetLtxMacro
                   \NoHy@OrgPageRef\pageref
? 
! Undefined control sequence.
l.6503 \LetLtxMacro\NoHy@OrgPageRef
                                   \pageref
? 
! Missing \endcsname inserted.
<to be read again> 
                   \let 
l.6504 \DeclareRobustCommand
                            *{\pageref}{%
? 
! Missing \endcsname inserted.
<to be read again> 
                   \protect 
l.6504 \DeclareRobustCommand
                            *{\pageref}{%
? 
! Missing \endcsname inserted.
<to be read again> 
                   \protect 
l.6504 \DeclareRobustCommand
                            *{\pageref}{%
? 
! Missing \endcsname inserted.
<to be read again> 
                   \protect 
l.6504 \DeclareRobustCommand
                            *{\pageref}{%
? 
! Missing \endcsname inserted.
<to be read again> 
                   \protect 
l.6504 \DeclareRobustCommand
                            *{\pageref}{%
? 
! Missing \endcsname inserted.
<to be read again> 
                   \protect 
l.6504 \DeclareRobustCommand
                            *{\pageref}{%
? 
! Missing \endcsname inserted.
<to be read again> 
                   \protect 
l.6504 \DeclareRobustCommand
                            *{\pageref}{%
? 
! Missing \endcsname inserted.
<to be read again> 
                   \protect 
l.6504 \DeclareRobustCommand
                            *{\pageref}{%
? 
! Missing \endcsname inserted.
<to be read again> 
                   \c@page 
l.6504 \DeclareRobustCommand
                            *{\pageref}{%
? 

LaTeX Warning: Reference `\reserved@d ' on page \@arabic\endcsname  \c@page  un
defined on input line 6504.

! Missing \endcsname inserted.
<to be read again> 
                   \protect 
l.6504 \DeclareRobustCommand
                            *{\pageref}{%
? 
LaTeX Info: Redefining \endcsname on input line 6504.
! Missing \endcsname inserted.
<to be read again> 
                   \protect 
l.6504 \DeclareRobustCommand
                            *{\pageref}{%
? 
! Missing \endcsname inserted.
<to be read again> 
                   \protect 
l.6504 \DeclareRobustCommand
                            *{\pageref}{%
? 
! Argument of \pageref has an extra }.
<inserted text> 
                \par 
l.6504 \DeclareRobustCommand*{\pageref}
                                       {%
? 
Runaway argument?
! Paragraph ended before \pageref was complete.
<to be read again> 
                   \par 
l.6504 \DeclareRobustCommand*{\pageref}
                                       {%
? 
! Undefined control sequence.
\reserved@b ->\NoHy@OrgPageRef 
                               
l.6506 }
        
? 
! Missing \endcsname inserted.
<to be read again> 
                   \protect 
l.6631 \Hy@DisableOption{pdfusetitle}
                                     
? 
! Missing \endcsname inserted.
<to be read again> 
                   \protect 
l.6631 \Hy@DisableOption{pdfusetitle}
                                     
? 
! Missing \endcsname inserted.
<to be read again> 
                   \protect 
l.6631 \Hy@DisableOption{pdfusetitle}
                                     
? 
! Missing \endcsname inserted.
<to be read again> 
                   \protect 
l.6631 \Hy@DisableOption{pdfusetitle}
                                     
? 
! Missing \endcsname inserted.
<to be read again> 
                   \protect 
l.6631 \Hy@DisableOption{pdfusetitle}
                                     
? 
! Missing \endcsname inserted.
<to be read again> 
                   \protect 
l.6657 \RequirePackage{atbegshi}[2007/09/09]
                                            
? 
! Missing \endcsname inserted.
<to be read again> 
                   \protect 
l.6657 \RequirePackage{atbegshi}[2007/09/09]
                                            
? 
! Missing \endcsname inserted.
<to be read again> 
                   \protect 
l.6657 \RequirePackage{atbegshi}[2007/09/09]
                                            
? 
! Missing \endcsname inserted.
<to be read again> 
                   \protect 
l.6657 \RequirePackage{atbegshi}[2007/09/09]
                                            
? 
! Missing \endcsname inserted.
<to be read again> 
                   \protect 
l.6657 \RequirePackage{atbegshi}[2007/09/09]
                                            
? 
! Missing \endcsname inserted.
<to be read again> 
                   \protect 
l.6657 \RequirePackage{atbegshi}[2007/09/09]
                                            
? 
! Missing endcsname inserted.
<to be read again> 
                   protect 
l.6657 \RequirePackage{atbegshi}[2007/09/09]
                                            
? 
! Missing \endcsname inserted.
<to be read again> 
                   \protect 
l.6657 \RequirePackage{atbegshi}[2007/09/09]
                                            
? 

! LaTeX Error: Missing \begin{document}.

See the LaTeX manual or LaTeX Companion for explanation.
Type  H <return>  for immediate help.
 ...                                              
                                                  
l.6657 \RequirePackage{atbegshi}[2007/09/09]
                                            
? 
(/usr/share/texlive/texmf-dist/tex/generic/atbegshi/atbegshi.sty
! Missing \endcsname inserted.
<to be read again> 
                   \protect 
l.56 ...dafter\x\csname ver@atbegshi.sty\endcsname
                                                  
? 
! Missing \endcsname inserted.
<to be read again> 
                   \protect 
l.92 ...after\ifx\csname ProvidesPackage\endcsname
                                                  \relax
? 
! Missing \endcsname inserted.
<to be read again> 
                   \protect 
l.108 ...after\x\csname ver@atbegshi.sty\endcsname
                                                  
? 
! Missing \endcsname inserted.
<to be read again> 
                   \protect 
l.110 ...9/12/05 v1.19 At begin shipout hook (HO)]
                                                  %
? 
Package: atbegshi 2019/12/05 v1.19 At begin shipout hook (HO)
! Missing \endcsname inserted.
<to be read again> 
                   \protect 
l.129 \x
        \catcode61\catcode48\catcode32=10\relax%
? 
! Use of \AtBegShi@AtEnd doesn't match its definition.
\TMP@EnsureCode ...tEnd {\AtBegShi@AtEnd \catcode 
                                                  #1=\the \catcode #1\relax ...
l.143 \TMP@EnsureCode{40}{12}
                             % (
? 
! Missing \endcsname inserted.
<to be read again> 
                   \protect 
l.156 ...after\ifx\csname RequirePackage\endcsname
                                                  \relax
? 
! Missing \endcsname inserted.
<to be read again> 
                   \protect 
l.166   \RequirePackage{infwarerr}[2007/09/09]
                                              %
? 
! Missing \endcsname inserted.
<to be read again> 
                   \protect 
l.166   \RequirePackage{infwarerr}[2007/09/09]
                                              %
? 
! Missing \endcsname inserted.
<to be read again> 
                   \protect 
l.166   \RequirePackage{infwarerr}[2007/09/09]
                                              %
? 
! Missing \endcsname inserted.
<to be read again> 
                   \protect 
l.166   \RequirePackage{infwarerr}[2007/09/09]
                                              %
? 
! Missing \endcsname inserted.
<to be read again> 
                   \protect 
l.166   \RequirePackage{infwarerr}[2007/09/09]
                                              %
? 
! Missing \endcsname inserted.
<to be read again> 
                   \protect 
l.166   \RequirePackage{infwarerr}[2007/09/09]
                                              %
? 
Runaway text?

LaTeX Warning: You have requested, on input line 166, version
        \ETC.
! Forbidden control sequence found while scanning text of \write.
<inserted text> 
                }
l.166   \RequirePackage{infwarerr}[2007/09/09]
                                              %
? 
Runaway text?

LaTeX Warning: You have requested, on input line 166, version
        \ETC.
! Forbidden control sequence found while scanning text of \write.
<inserted text> 
                }
l.166   \RequirePackage{infwarerr}[2007/09/09]
                                              %
? 
Runaway text?

LaTeX Warning: You have requested, on input line 166, version
        \ETC.
! Forbidden control sequence found while scanning text of \write.
<inserted text> 
                }
l.166   \RequirePackage{infwarerr}[2007/09/09]
                                              %
? 
Runaway text?

LaTeX Warning: You have requested, on input line 166, version
        \ETC.
! Forbidden control sequence found while scanning text of \write.
<inserted text> 
                }
l.166   \RequirePackage{infwarerr}[2007/09/09]
                                              %
? 
Runaway text?

LaTeX Warning: You have requested, on input line 166, version
        \ETC.
! Forbidden control sequence found while scanning text of \write.
<inserted text> 
                }
l.166   \RequirePackage{infwarerr}[2007/09/09]
                                              %
? 
Runaway text?

LaTeX Warning: You have requested, on input line 166, version
        \ETC.
! Forbidden control sequence found while scanning text of \write.
<inserted text> 
                }
l.166   \RequirePackage{infwarerr}[2007/09/09]
                                              %
? 
Runaway text?

LaTeX Warning: You have requested, on input line 166, version
        \ETC.
! Forbidden control sequence found while scanning text of \write.
<inserted text> 
                }
l.166   \RequirePackage{infwarerr}[2007/09/09]
                                              %
? 
Runaway text?

LaTeX Warning: You have requested, on input line 166, version
        \ETC.
! Forbidden control sequence found while scanning text of \write.
<inserted text> 
                }
l.166   \RequirePackage{infwarerr}[2007/09/09]
                                              %
? 
Runaway text?

LaTeX Warning: You have requested, on input line 166, version
        \ETC.
! Forbidden control sequence found while scanning text of \write.
<inserted text> 
                }
l.166   \RequirePackage{infwarerr}[2007/09/09]
                                              %
? 
Runaway text?

LaTeX Warning: You have requested, on input line 166, version
        \ETC.
! Forbidden control sequence found while scanning text of \write.
<inserted text> 
                }
l.166   \RequirePackage{infwarerr}[2007/09/09]
                                              %
? 
Runaway text?

LaTeX Warning: You have requested, on input line 166, version
        \ETC.
! Forbidden control sequence found while scanning text of \write.
<inserted text> 
                }
l.166   \RequirePackage{infwarerr}[2007/09/09]
                                              %
? 
Runaway text?

LaTeX Warning: You have requested, on input line 166, version
        \ETC.
! Forbidden control sequence found while scanning text of \write.
<inserted text> 
                }
l.166   \RequirePackage{infwarerr}[2007/09/09]
                                              %
? 
Runaway text?

LaTeX Warning: You have requested, on input line 166, version
        \ETC.
! Forbidden control sequence found while scanning text of \write.
<inserted text> 
                }
l.166   \RequirePackage{infwarerr}[2007/09/09]
                                              %
? 
Runaway text?

LaTeX Warning: You have requested, on input line 166, version
        \ETC.
! Forbidden control sequence found while scanning text of \write.
<inserted text> 
                }
l.166   \RequirePackage{infwarerr}[2007/09/09]
                                              %
? 
Runaway text?

LaTeX Warning: You have requested, on input line 166, version
        \ETC.
! Forbidden control sequence found while scanning text of \write.
<inserted text> 
                }
l.166   \RequirePackage{infwarerr}[2007/09/09]
                                              %
? 
Runaway text?

LaTeX Warning: You have requested, on input line 166, version
        \ETC.
! Forbidden control sequence found while scanning text of \write.
<inserted text> 
                }
l.166   \RequirePackage{infwarerr}[2007/09/09]
                                              %
? 
Runaway text?

LaTeX Warning: You have requested, on input line 166, version
        \ETC.
! Forbidden control sequence found while scanning text of \write.
<inserted text> 
                }
l.166   \RequirePackage{infwarerr}[2007/09/09]
                                              %
? 
Runaway text?

LaTeX Warning: You have requested, on input line 166, version
        \ETC.
! Forbidden control sequence found while scanning text of \write.
<inserted text> 
                }
l.166   \RequirePackage{infwarerr}[2007/09/09]
                                              %
? 
Runaway text?

LaTeX Warning: You have requested, on input line 166, version
        \ETC.
! Forbidden control sequence found while scanning text of \write.
<inserted text> 
                }
l.166   \RequirePackage{infwarerr}[2007/09/09]
                                              %
? 
Runaway text?

LaTeX Warning: You have requested, on input line 166, version
        \ETC.
! Forbidden control sequence found while scanning text of \write.
<inserted text> 
                }
l.166   \RequirePackage{infwarerr}[2007/09/09]
                                              %
? 
Runaway text?

LaTeX Warning: You have requested, on input line 166, version
        \ETC.
! Forbidden control sequence found while scanning text of \write.
<inserted text> 
                }
l.166   \RequirePackage{infwarerr}[2007/09/09]
                                              %
? 
Runaway text?

LaTeX Warning: You have requested, on input line 166, version
        \ETC.
! Forbidden control sequence found while scanning text of \write.
<inserted text> 
                }
l.166   \RequirePackage{infwarerr}[2007/09/09]
                                              %
? 
Runaway text?

LaTeX Warning: You have requested, on input line 166, version
        \ETC.
! Forbidden control sequence found while scanning text of \write.
<inserted text> 
                }
l.166   \RequirePackage{infwarerr}[2007/09/09]
                                              %
? 
Runaway text?

LaTeX Warning: You have requested, on input line 166, version
        \ETC.
! Forbidden control sequence found while scanning text of \write.
<inserted text> 
                }
l.166   \RequirePackage{infwarerr}[2007/09/09]
                                              %
? 
Runaway text?

LaTeX Warning: You have requested, on input line 166, version
        \ETC.
! Forbidden control sequence found while scanning text of \write.
<inserted text> 
                }
l.166   \RequirePackage{infwarerr}[2007/09/09]
                                              %
? 
Runaway text?

LaTeX Warning: You have requested, on input line 166, version
        \ETC.
! Forbidden control sequence found while scanning text of \write.
<inserted text> 
                }
l.166   \RequirePackage{infwarerr}[2007/09/09]
                                              %
? 
Runaway text?

LaTeX Warning: You have requested, on input line 166, version
        \ETC.
! Forbidden control sequence found while scanning text of \write.
<inserted text> 
                }
l.166   \RequirePackage{infwarerr}[2007/09/09]
                                              %
? 
Runaway text?

LaTeX Warning: You have requested, on input line 166, version
        \ETC.
! Forbidden control sequence found while scanning text of \write.
<inserted text> 
                }
l.166   \RequirePackage{infwarerr}[2007/09/09]
                                              %
? 
Runaway text?

LaTeX Warning: You have requested, on input line 166, version
        \ETC.
! Forbidden control sequence found while scanning text of \write.
<inserted text> 
                }
l.166   \RequirePackage{infwarerr}[2007/09/09]
                                              %
? 
Runaway text?

LaTeX Warning: You have requested, on input line 166, version
        \ETC.
! Forbidden control sequence found while scanning text of \write.
<inserted text> 
                }
l.166   \RequirePackage{infwarerr}[2007/09/09]
                                              %
? 
Runaway text?

LaTeX Warning: You have requested, on input line 166, version
        \ETC.
! Forbidden control sequence found while scanning text of \write.
<inserted text> 
                }
l.166   \RequirePackage{infwarerr}[2007/09/09]
                                              %
? 
Runaway text?

LaTeX Warning: You have requested, on input line 166, version
        \ETC.
! Forbidden control sequence found while scanning text of \write.
<inserted text> 
                }
l.166   \RequirePackage{infwarerr}[2007/09/09]
                                              %
? 
Runaway text?

LaTeX Warning: You have requested, on input line 166, version
        \ETC.
! Forbidden control sequence found while scanning text of \write.
<inserted text> 
                }
l.166   \RequirePackage{infwarerr}[2007/09/09]
                                              %
? 
Runaway text?

LaTeX Warning: You have requested, on input line 166, version
        \ETC.
! Forbidden control sequence found while scanning text of \write.
<inserted text> 
                }
l.166   \RequirePackage{infwarerr}[2007/09/09]
                                              %
? 
Runaway text?

LaTeX Warning: You have requested, on input line 166, version
        \ETC.
! Forbidden control sequence found while scanning text of \write.
<inserted text> 
                }
l.166   \RequirePackage{infwarerr}[2007/09/09]
                                              %
? 
Runaway text?

LaTeX Warning: You have requested, on input line 166, version
        \ETC.
! Forbidden control sequence found while scanning text of \write.
<inserted text> 
                }
l.166   \RequirePackage{infwarerr}[2007/09/09]
                                              %
? 
Runaway text?

LaTeX Warning: You have requested, on input line 166, version
        \ETC.
! Forbidden control sequence found while scanning text of \write.
<inserted text> 
                }
l.166   \RequirePackage{infwarerr}[2007/09/09]
                                              %
? 
Runaway text?

LaTeX Warning: You have requested, on input line 166, version
        \ETC.
! Forbidden control sequence found while scanning text of \write.
<inserted text> 
                }
l.166   \RequirePackage{infwarerr}[2007/09/09]
                                              %
? 
Runaway text?

LaTeX Warning: You have requested, on input line 166, version
        \ETC.
! Forbidden control sequence found while scanning text of \write.
<inserted text> 
                }
l.166   \RequirePackage{infwarerr}[2007/09/09]
                                              %
? 
Runaway text?

LaTeX Warning: You have requested, on input line 166, version
        \ETC.
! Forbidden control sequence 